  glad.c
  main.cpp
     Creating library C:\Users\spader\source\gl-sample\build\GLFWRepro\x64\Debug_GlfwFromGithub_MT\GLFWRepro.lib and object C:\Users\spader\source\gl-sample\build\GLFWRepro\x64\Debug_GlfwFromGithub_MT\GLFWRepro.exp
LINK : warning LNK4098: defaultlib 'MSVCRT' conflicts with use of other libs; use /NODEFAULTLIB:library
LINK : warning LNK4217: symbol 'strncmp' defined in 'libucrtd.lib(strncmp.obj)' is imported by 'glfw3-github.lib(init.obj)' in function '_glfwParseUriList'
LINK : warning LNK4286: symbol 'strncmp' defined in 'libucrtd.lib(strncmp.obj)' is imported by 'glfw3-github.lib(context.obj)'
LINK : warning LNK4286: symbol 'strncmp' defined in 'libucrtd.lib(strncmp.obj)' is imported by 'glfw3-github.lib(input.obj)'
LINK : warning LNK4217: symbol 'strncmp' defined in 'libucrtd.lib(strncmp.obj)' is imported by 'glfw3-github.lib(egl_context.obj)' in function '_glfwCreateContextEGL'
LINK : warning LNK4217: symbol 'strtok' defined in 'libucrtd.lib(strtok.obj)' is imported by 'glfw3-github.lib(init.obj)' in function '_glfwParseUriList'
LINK : warning LNK4286: symbol 'calloc' defined in 'clang_rt.asan_dbg-x86_64.lib(asan_malloc_win.cpp.obj)' is imported by 'glfw3-github.lib(win32_joystick.obj)'
LINK : warning LNK4217: symbol 'calloc' defined in 'clang_rt.asan_dbg-x86_64.lib(asan_malloc_win.cpp.obj)' is imported by 'glfw3-github.lib(wgl_context.obj)' in function '_glfwCreateContextWGL'
LINK : warning LNK4217: symbol 'calloc' defined in 'clang_rt.asan_dbg-x86_64.lib(asan_malloc_win.cpp.obj)' is imported by 'glfw3-github.lib(egl_context.obj)' in function '_glfwCreateContextEGL'
LINK : warning LNK4286: symbol 'calloc' defined in 'clang_rt.asan_dbg-x86_64.lib(asan_malloc_win.cpp.obj)' is imported by 'glfw3-github.lib(osmesa_context.obj)'
LINK : warning LNK4217: symbol 'calloc' defined in 'clang_rt.asan_dbg-x86_64.lib(asan_malloc_win.cpp.obj)' is imported by 'glfw3-github.lib(win32_monitor.obj)' in function 'createMonitor'
LINK : warning LNK4286: symbol 'calloc' defined in 'clang_rt.asan_dbg-x86_64.lib(asan_malloc_win.cpp.obj)' is imported by 'glfw3-github.lib(monitor.obj)'
LINK : warning LNK4217: symbol 'calloc' defined in 'clang_rt.asan_dbg-x86_64.lib(asan_malloc_win.cpp.obj)' is imported by 'glfw3-github.lib(vulkan.obj)' in function '_glfwGetVulkanResultString'
LINK : warning LNK4286: symbol 'calloc' defined in 'clang_rt.asan_dbg-x86_64.lib(asan_malloc_win.cpp.obj)' is imported by 'glfw3-github.lib(win32_window.obj)'
LINK : warning LNK4217: symbol 'calloc' defined in 'clang_rt.asan_dbg-x86_64.lib(asan_malloc_win.cpp.obj)' is imported by 'glfw3-github.lib(init.obj)' in function '_glfwInputError'
LINK : warning LNK4286: symbol 'calloc' defined in 'clang_rt.asan_dbg-x86_64.lib(asan_malloc_win.cpp.obj)' is imported by 'glfw3-github.lib(window.obj)'
LINK : warning LNK4286: symbol 'calloc' defined in 'clang_rt.asan_dbg-x86_64.lib(asan_malloc_win.cpp.obj)' is imported by 'glfw3-github.lib(input.obj)'
LINK : warning LNK4217: symbol 'calloc' defined in 'clang_rt.asan_dbg-x86_64.lib(asan_malloc_win.cpp.obj)' is imported by 'glfw3-github.lib(win32_init.obj)' in function '_glfwPlatformInit'
LINK : warning LNK4286: symbol 'free' defined in 'clang_rt.asan_dbg-x86_64.lib(asan_malloc_win.cpp.obj)' is imported by 'glfw3-github.lib(win32_joystick.obj)'
LINK : warning LNK4286: symbol 'free' defined in 'clang_rt.asan_dbg-x86_64.lib(asan_malloc_win.cpp.obj)' is imported by 'glfw3-github.lib(wgl_context.obj)'
LINK : warning LNK4286: symbol 'free' defined in 'clang_rt.asan_dbg-x86_64.lib(asan_malloc_win.cpp.obj)' is imported by 'glfw3-github.lib(egl_context.obj)'
LINK : warning LNK4286: symbol 'free' defined in 'clang_rt.asan_dbg-x86_64.lib(asan_malloc_win.cpp.obj)' is imported by 'glfw3-github.lib(osmesa_context.obj)'
LINK : warning LNK4217: symbol 'free' defined in 'clang_rt.asan_dbg-x86_64.lib(asan_malloc_win.cpp.obj)' is imported by 'glfw3-github.lib(win32_monitor.obj)' in function '_glfwGetMonitorContentScaleWin32'
LINK : warning LNK4286: symbol 'free' defined in 'clang_rt.asan_dbg-x86_64.lib(asan_malloc_win.cpp.obj)' is imported by 'glfw3-github.lib(monitor.obj)'
LINK : warning LNK4217: symbol 'free' defined in 'clang_rt.asan_dbg-x86_64.lib(asan_malloc_win.cpp.obj)' is imported by 'glfw3-github.lib(vulkan.obj)' in function '_glfwGetVulkanResultString'
LINK : warning LNK4286: symbol 'free' defined in 'clang_rt.asan_dbg-x86_64.lib(asan_malloc_win.cpp.obj)' is imported by 'glfw3-github.lib(win32_window.obj)'
LINK : warning LNK4217: symbol 'free' defined in 'clang_rt.asan_dbg-x86_64.lib(asan_malloc_win.cpp.obj)' is imported by 'glfw3-github.lib(init.obj)' in function 'terminate'
LINK : warning LNK4286: symbol 'free' defined in 'clang_rt.asan_dbg-x86_64.lib(asan_malloc_win.cpp.obj)' is imported by 'glfw3-github.lib(window.obj)'
LINK : warning LNK4286: symbol 'free' defined in 'clang_rt.asan_dbg-x86_64.lib(asan_malloc_win.cpp.obj)' is imported by 'glfw3-github.lib(input.obj)'
LINK : warning LNK4217: symbol 'free' defined in 'clang_rt.asan_dbg-x86_64.lib(asan_malloc_win.cpp.obj)' is imported by 'glfw3-github.lib(win32_init.obj)' in function '_glfwPlatformTerminate'
LINK : warning LNK4217: symbol 'realloc' defined in 'clang_rt.asan_dbg-x86_64.lib(asan_malloc_win.cpp.obj)' is imported by 'glfw3-github.lib(init.obj)' in function '_glfwParseUriList'
LINK : warning LNK4286: symbol 'realloc' defined in 'clang_rt.asan_dbg-x86_64.lib(asan_malloc_win.cpp.obj)' is imported by 'glfw3-github.lib(input.obj)'
LINK : warning LNK4286: symbol 'realloc' defined in 'clang_rt.asan_dbg-x86_64.lib(asan_malloc_win.cpp.obj)' is imported by 'glfw3-github.lib(win32_monitor.obj)'
LINK : warning LNK4286: symbol 'realloc' defined in 'clang_rt.asan_dbg-x86_64.lib(asan_malloc_win.cpp.obj)' is imported by 'glfw3-github.lib(monitor.obj)'
LINK : warning LNK4217: symbol 'strtol' defined in 'libucrtd.lib(strtox.obj)' is imported by 'glfw3-github.lib(init.obj)' in function '_glfwParseUriList'
LINK : warning LNK4217: symbol '__stdio_common_vsprintf' defined in 'libucrtd.lib(output.obj)' is imported by 'glfw3-github.lib(init.obj)' in function '_glfwInputError'
LINK : warning LNK4217: symbol '__stdio_common_vsprintf' defined in 'libucrtd.lib(output.obj)' is imported by 'glfw3-github.lib(win32_joystick.obj)' in function '_glfwInitJoysticksWin32'
LINK : warning LNK4217: symbol 'strncpy' defined in 'libucrtd.lib(strncpy.obj)' is imported by 'glfw3-github.lib(window.obj)' in function 'glfwWindowHintString'
LINK : warning LNK4286: symbol 'strncpy' defined in 'libucrtd.lib(strncpy.obj)' is imported by 'glfw3-github.lib(input.obj)'
LINK : warning LNK4286: symbol 'strncpy' defined in 'libucrtd.lib(strncpy.obj)' is imported by 'glfw3-github.lib(monitor.obj)'
LINK : warning LNK4286: symbol 'strncpy' defined in 'libucrtd.lib(strncpy.obj)' is imported by 'glfw3-github.lib(win32_joystick.obj)'
LINK : warning LNK4217: symbol '__stdio_common_vsscanf' defined in 'libucrtd.lib(input.obj)' is imported by 'glfw3-github.lib(context.obj)' in function 'sscanf'
LINK : warning LNK4217: symbol 'strcspn' defined in 'libucrtd.lib(strcspn.obj)' is imported by 'glfw3-github.lib(input.obj)' in function 'glfwUpdateGamepadMappings'
LINK : warning LNK4217: symbol 'strspn' defined in 'libucrtd.lib(strspn.obj)' is imported by 'glfw3-github.lib(input.obj)' in function 'glfwUpdateGamepadMappings'
LINK : warning LNK4217: symbol 'strtoul' defined in 'libucrtd.lib(strtox.obj)' is imported by 'glfw3-github.lib(input.obj)' in function 'parseMapping'
LINK : warning LNK4217: symbol 'qsort' defined in 'libucrtd.lib(qsort.obj)' is imported by 'glfw3-github.lib(monitor.obj)' in function 'refreshVideoModes'
LINK : warning LNK4217: symbol 'qsort' defined in 'libucrtd.lib(qsort.obj)' is imported by 'glfw3-github.lib(win32_joystick.obj)' in function '_glfwInitJoysticksWin32'
  GLFWRepro.vcxproj -> C:\Users\spader\source\gl-sample\build\GLFWRepro\x64\Debug_GlfwFromGithub_MT\GLFWRepro.exe
